Assembler report for Pipleline-IITB-RISC
<<<<<<< HEAD
Wed Nov 28 06:22:26 2018
=======
Wed Nov 28 08:07:31 2018
>>>>>>> master
Quartus Prime Version 16.1.0 Build 196 10/24/2016 SJ Lite Edition


---------------------
; Table of Contents ;
---------------------
  1. Legal Notice
  2. Assembler Summary
  3. Assembler Settings
  4. Assembler Generated Files
  5. Assembler Device Options: Pipleline-IITB-RISC.sof
  6. Assembler Messages



----------------
; Legal Notice ;
----------------
Copyright (C) 2016  Intel Corporation. All rights reserved.
Your use of Intel Corporation's design tools, logic functions 
and other software and tools, and its AMPP partner logic 
functions, and any output files from any of the foregoing 
(including device programming or simulation files), and any 
associated documentation or information are expressly subject 
to the terms and conditions of the Intel Program License 
Subscription Agreement, the Intel Quartus Prime License Agreement,
the Intel MegaCore Function License Agreement, or other 
applicable license agreement, including, without limitation, 
that your use is for the sole purpose of programming logic 
devices manufactured by Intel and sold by Intel or its 
authorized distributors.  Please refer to the applicable 
agreement for further details.



+---------------------------------------------------------------+
; Assembler Summary                                             ;
+-----------------------+---------------------------------------+
<<<<<<< HEAD
; Assembler Status      ; Successful - Wed Nov 28 06:22:26 2018 ;
=======
; Assembler Status      ; Successful - Wed Nov 28 08:07:31 2018 ;
>>>>>>> master
; Revision Name         ; Pipleline-IITB-RISC                   ;
; Top-level Entity Name ; main                                  ;
; Family                ; Cyclone IV E                          ;
; Device                ; EP4CE22F17C6                          ;
+-----------------------+---------------------------------------+


+----------------------------------+
; Assembler Settings               ;
+--------+---------+---------------+
; Option ; Setting ; Default Value ;
+--------+---------+---------------+


+---------------------------+
; Assembler Generated Files ;
+---------------------------+
; File Name                 ;
+---------------------------+
; Pipleline-IITB-RISC.sof   ;
+---------------------------+


+---------------------------------------------------+
; Assembler Device Options: Pipleline-IITB-RISC.sof ;
+----------------+----------------------------------+
; Option         ; Setting                          ;
+----------------+----------------------------------+
; Device         ; EP4CE22F17C6                     ;
; JTAG usercode  ; 0x001345A7                       ;
; Checksum       ; 0x001345A7                       ;
+----------------+----------------------------------+


+--------------------+
; Assembler Messages ;
+--------------------+
Info: *******************************************************************
Info: Running Quartus Prime Assembler
    Info: Version 16.1.0 Build 196 10/24/2016 SJ Lite Edition
<<<<<<< HEAD
    Info: Processing started: Wed Nov 28 06:22:24 2018
=======
    Info: Processing started: Wed Nov 28 08:07:30 2018
>>>>>>> master
Info: Command: quartus_asm --read_settings_files=off --write_settings_files=off Pipleline-IITB-RISC -c Pipleline-IITB-RISC
Warning (18236): Number of processors has not been specified which may cause overloading on shared machines.  Set the global assignment NUM_PARALLEL_PROCESSORS in your QSF to an appropriate value for best performance.
Info (115031): Writing out detailed assembly data for power analysis
Info (115030): Assembler is generating device programming files
Info: Quartus Prime Assembler was successful. 0 errors, 1 warning
<<<<<<< HEAD
    Info: Peak virtual memory: 815 megabytes
    Info: Processing ended: Wed Nov 28 06:22:26 2018
    Info: Elapsed time: 00:00:02
=======
    Info: Peak virtual memory: 816 megabytes
    Info: Processing ended: Wed Nov 28 08:07:31 2018
    Info: Elapsed time: 00:00:01
>>>>>>> master
    Info: Total CPU time (on all processors): 00:00:01


